<?xml version="1.0" encoding="UTF-8"?>
<!-- Generated by org.testng.reporters.JUnitReportReporter -->
<testsuite hostname="dell-PCg1" name="lemon.day15.section02.All_Test_Case" tests="17" failures="0" timestamp="10 Sep 2019 06:28:28 GMT" time="1.750" errors="0">
  <testcase name="test_case" time="0.076" classname="lemon.day15.section02.All_Test_Case"/>
  <testcase name="test_case" time="0.076" classname="lemon.day15.section02.All_Test_Case"/>
  <testcase name="test_case" time="0.073" classname="lemon.day15.section02.All_Test_Case"/>
  <testcase name="test_case" time="0.554" classname="lemon.day15.section02.All_Test_Case"/>
  <testcase name="test_case" time="0.072" classname="lemon.day15.section02.All_Test_Case"/>
  <testcase name="test_case" time="0.088" classname="lemon.day15.section02.All_Test_Case"/>
  <testcase name="test_case" time="0.073" classname="lemon.day15.section02.All_Test_Case"/>
  <testcase name="test_case" time="0.072" classname="lemon.day15.section02.All_Test_Case"/>
  <testcase name="test_case" time="0.069" classname="lemon.day15.section02.All_Test_Case"/>
  <testcase name="test_case" time="0.073" classname="lemon.day15.section02.All_Test_Case"/>
  <testcase name="test_case" time="0.081" classname="lemon.day15.section02.All_Test_Case"/>
  <testcase name="test_case" time="0.072" classname="lemon.day15.section02.All_Test_Case"/>
  <testcase name="test_case" time="0.070" classname="lemon.day15.section02.All_Test_Case"/>
  <testcase name="test_case" time="0.069" classname="lemon.day15.section02.All_Test_Case"/>
  <testcase name="test_case" time="0.077" classname="lemon.day15.section02.All_Test_Case"/>
  <testcase name="test_case" time="0.069" classname="lemon.day15.section02.All_Test_Case"/>
  <testcase name="test_case" time="0.086" classname="lemon.day15.section02.All_Test_Case"/>
</testsuite> <!-- lemon.day15.section02.All_Test_Case -->
