<?xml version="1.0" encoding="UTF-8"?>
<!-- Generated by org.testng.reporters.JUnitReportReporter -->
<testsuite hostname="dell-PCg1" name="lemon.day01.NewTest2" tests="1" failures="0" timestamp="23 Aug 2019 03:10:10 GMT" time="0.004" errors="0">
  <testcase name="f" time="0.004" classname="lemon.day01.NewTest2"/>
</testsuite> <!-- lemon.day01.NewTest2 -->
