<?xml version="1.0" encoding="UTF-8"?>
<!-- Generated by org.testng.reporters.JUnitReportReporter -->
<testsuite hostname="dell-PCg1" name="lemon.day01.annotationTest2" tests="2" failures="0" timestamp="27 Aug 2019 02:29:43 GMT" time="0.002" errors="0">
  <testcase name="f1" time="0.001" classname="lemon.day01.annotationTest2"/>
  <testcase name="f" time="0.001" classname="lemon.day01.annotationTest2"/>
</testsuite> <!-- lemon.day01.annotationTest2 -->
