<?xml version="1.0" encoding="UTF-8"?>
<!-- Generated by org.testng.reporters.JUnitReportReporter -->
<testsuite hostname="dell-PCg1" name="lemon.day19.testCase.All_Test_Case" tests="18" failures="0" timestamp="18 Sep 2019 09:30:32 GMT" time="1.705" errors="3">
  <testcase name="test_case" time="0.611" classname="lemon.day19.testCase.All_Test_Case"/>
  <testcase name="test_case" time="0.001" classname="lemon.day19.testCase.All_Test_Case">
    <error type="java.lang.NoClassDefFoundError" message="Could not initialize class lemon.day19.utils.DbUtils">
      <![CDATA[java.lang.NoClassDefFoundError: Could not initialize class lemon.day19.utils.DbUtils
	at lemon.day19.utils.SqlCheckUtils.check(SqlCheckUtils.java:51)
	at lemon.day19.utils.SqlCheckUtils.beforeCheck(SqlCheckUtils.java:19)
	at lemon.day19.testCase.All_Test_Case.test_case(All_Test_Case.java:51)
	at sun.reflect.NativeMethodAccessorImpl.invoke0(Native Method)
	at sun.reflect.NativeMethodAccessorImpl.invoke(Unknown Source)
	at sun.reflect.DelegatingMethodAccessorImpl.invoke(Unknown Source)
	at java.lang.reflect.Method.invoke(Unknown Source)
	at org.testng.internal.MethodInvocationHelper.invokeMethod(MethodInvocationHelper.java:85)
	at org.testng.internal.Invoker.invokeMethod(Invoker.java:639)
	at org.testng.internal.Invoker.invokeTestMethod(Invoker.java:816)
	at org.testng.internal.Invoker.invokeTestMethods(Invoker.java:1124)
	at org.testng.internal.TestMethodWorker.invokeTestMethods(TestMethodWorker.java:125)
	at org.testng.internal.TestMethodWorker.run(TestMethodWorker.java:108)
	at org.testng.TestRunner.privateRun(TestRunner.java:774)
	at org.testng.TestRunner.run(TestRunner.java:624)
	at org.testng.SuiteRunner.runTest(SuiteRunner.java:359)
	at org.testng.SuiteRunner.runSequentially(SuiteRunner.java:354)
	at org.testng.SuiteRunner.privateRun(SuiteRunner.java:312)
	at org.testng.SuiteRunner.run(SuiteRunner.java:261)
	at org.testng.SuiteRunnerWorker.runSuite(SuiteRunnerWorker.java:52)
	at org.testng.SuiteRunnerWorker.run(SuiteRunnerWorker.java:86)
	at org.testng.TestNG.runSuitesSequentially(TestNG.java:1191)
	at org.testng.TestNG.runSuitesLocally(TestNG.java:1116)
	at org.testng.TestNG.run(TestNG.java:1024)
	at org.testng.remote.RemoteTestNG.run(RemoteTestNG.java:112)
	at org.testng.remote.RemoteTestNG.initAndRun(RemoteTestNG.java:205)
	at org.testng.remote.RemoteTestNG.main(RemoteTestNG.java:176)
]]>
    </error>
  </testcase> <!-- test_case -->
  <testcase name="test_case" time="0.075" classname="lemon.day19.testCase.All_Test_Case"/>
  <testcase name="test_case" time="0.075" classname="lemon.day19.testCase.All_Test_Case"/>
  <testcase name="test_case" time="0.079" classname="lemon.day19.testCase.All_Test_Case"/>
  <testcase name="test_case" time="0.077" classname="lemon.day19.testCase.All_Test_Case"/>
  <testcase name="test_case" time="0.007" classname="lemon.day19.testCase.All_Test_Case">
    <error type="java.lang.ExceptionInInitializerError">
      <![CDATA[java.lang.ExceptionInInitializerError
	at lemon.day19.utils.SqlCheckUtils.check(SqlCheckUtils.java:51)
	at lemon.day19.utils.SqlCheckUtils.beforeCheck(SqlCheckUtils.java:19)
	at lemon.day19.testCase.All_Test_Case.test_case(All_Test_Case.java:51)
	at sun.reflect.NativeMethodAccessorImpl.invoke0(Native Method)
	at sun.reflect.NativeMethodAccessorImpl.invoke(Unknown Source)
	at sun.reflect.DelegatingMethodAccessorImpl.invoke(Unknown Source)
	at java.lang.reflect.Method.invoke(Unknown Source)
	at org.testng.internal.MethodInvocationHelper.invokeMethod(MethodInvocationHelper.java:85)
	at org.testng.internal.Invoker.invokeMethod(Invoker.java:639)
	at org.testng.internal.Invoker.invokeTestMethod(Invoker.java:816)
	at org.testng.internal.Invoker.invokeTestMethods(Invoker.java:1124)
	at org.testng.internal.TestMethodWorker.invokeTestMethods(TestMethodWorker.java:125)
	at org.testng.internal.TestMethodWorker.run(TestMethodWorker.java:108)
	at org.testng.TestRunner.privateRun(TestRunner.java:774)
	at org.testng.TestRunner.run(TestRunner.java:624)
	at org.testng.SuiteRunner.runTest(SuiteRunner.java:359)
	at org.testng.SuiteRunner.runSequentially(SuiteRunner.java:354)
	at org.testng.SuiteRunner.privateRun(SuiteRunner.java:312)
	at org.testng.SuiteRunner.run(SuiteRunner.java:261)
	at org.testng.SuiteRunnerWorker.runSuite(SuiteRunnerWorker.java:52)
	at org.testng.SuiteRunnerWorker.run(SuiteRunnerWorker.java:86)
	at org.testng.TestNG.runSuitesSequentially(TestNG.java:1191)
	at org.testng.TestNG.runSuitesLocally(TestNG.java:1116)
	at org.testng.TestNG.run(TestNG.java:1024)
	at org.testng.remote.RemoteTestNG.run(RemoteTestNG.java:112)
	at org.testng.remote.RemoteTestNG.initAndRun(RemoteTestNG.java:205)
	at org.testng.remote.RemoteTestNG.main(RemoteTestNG.java:176)
Caused by: java.lang.NullPointerException
	at java.util.Properties$LineReader.readLine(Unknown Source)
	at java.util.Properties.load0(Unknown Source)
	at java.util.Properties.load(Unknown Source)
	at lemon.day19.utils.DbUtils.init(DbUtils.java:59)
	at lemon.day19.utils.DbUtils.<clinit>(DbUtils.java:33)
	... 27 more
]]>
    </error>
  </testcase> <!-- test_case -->
  <testcase name="test_case" time="0.072" classname="lemon.day19.testCase.All_Test_Case"/>
  <testcase name="test_case" time="0.075" classname="lemon.day19.testCase.All_Test_Case"/>
  <testcase name="test_case" time="0.073" classname="lemon.day19.testCase.All_Test_Case"/>
  <testcase name="test_case" time="0.002" classname="lemon.day19.testCase.All_Test_Case">
    <error type="java.lang.NoClassDefFoundError" message="Could not initialize class lemon.day19.utils.DbUtils">
      <![CDATA[java.lang.NoClassDefFoundError: Could not initialize class lemon.day19.utils.DbUtils
	at lemon.day19.utils.SqlCheckUtils.check(SqlCheckUtils.java:51)
	at lemon.day19.utils.SqlCheckUtils.beforeCheck(SqlCheckUtils.java:19)
	at lemon.day19.testCase.All_Test_Case.test_case(All_Test_Case.java:51)
	at sun.reflect.NativeMethodAccessorImpl.invoke0(Native Method)
	at sun.reflect.NativeMethodAccessorImpl.invoke(Unknown Source)
	at sun.reflect.DelegatingMethodAccessorImpl.invoke(Unknown Source)
	at java.lang.reflect.Method.invoke(Unknown Source)
	at org.testng.internal.MethodInvocationHelper.invokeMethod(MethodInvocationHelper.java:85)
	at org.testng.internal.Invoker.invokeMethod(Invoker.java:639)
	at org.testng.internal.Invoker.invokeTestMethod(Invoker.java:816)
	at org.testng.internal.Invoker.invokeTestMethods(Invoker.java:1124)
	at org.testng.internal.TestMethodWorker.invokeTestMethods(TestMethodWorker.java:125)
	at org.testng.internal.TestMethodWorker.run(TestMethodWorker.java:108)
	at org.testng.TestRunner.privateRun(TestRunner.java:774)
	at org.testng.TestRunner.run(TestRunner.java:624)
	at org.testng.SuiteRunner.runTest(SuiteRunner.java:359)
	at org.testng.SuiteRunner.runSequentially(SuiteRunner.java:354)
	at org.testng.SuiteRunner.privateRun(SuiteRunner.java:312)
	at org.testng.SuiteRunner.run(SuiteRunner.java:261)
	at org.testng.SuiteRunnerWorker.runSuite(SuiteRunnerWorker.java:52)
	at org.testng.SuiteRunnerWorker.run(SuiteRunnerWorker.java:86)
	at org.testng.TestNG.runSuitesSequentially(TestNG.java:1191)
	at org.testng.TestNG.runSuitesLocally(TestNG.java:1116)
	at org.testng.TestNG.run(TestNG.java:1024)
	at org.testng.remote.RemoteTestNG.run(RemoteTestNG.java:112)
	at org.testng.remote.RemoteTestNG.initAndRun(RemoteTestNG.java:205)
	at org.testng.remote.RemoteTestNG.main(RemoteTestNG.java:176)
]]>
    </error>
  </testcase> <!-- test_case -->
  <testcase name="test_case" time="0.085" classname="lemon.day19.testCase.All_Test_Case"/>
  <testcase name="test_case" time="0.082" classname="lemon.day19.testCase.All_Test_Case"/>
  <testcase name="test_case" time="0.080" classname="lemon.day19.testCase.All_Test_Case"/>
  <testcase name="test_case" time="0.076" classname="lemon.day19.testCase.All_Test_Case"/>
  <testcase name="test_case" time="0.074" classname="lemon.day19.testCase.All_Test_Case"/>
  <testcase name="test_case" time="0.074" classname="lemon.day19.testCase.All_Test_Case"/>
  <testcase name="test_case" time="0.087" classname="lemon.day19.testCase.All_Test_Case"/>
</testsuite> <!-- lemon.day19.testCase.All_Test_Case -->
