<?xml version="1.0" encoding="UTF-8"?>
<!-- Generated by org.testng.reporters.JUnitReportReporter -->
<testsuite hostname="dell-PCg1" name="lemon.day01.SuccessTest" tests="3" failures="0" timestamp="28 Aug 2019 01:21:53 GMT" time="0.008" errors="0">
  <testcase name="f1" time="0.001" classname="lemon.day01.SuccessTest"/>
  <testcase name="f2" time="0.001" classname="lemon.day01.SuccessTest"/>
  <testcase name="f" time="0.006" classname="lemon.day01.SuccessTest"/>
</testsuite> <!-- lemon.day01.SuccessTest -->
