<?xml version="1.0" encoding="UTF-8"?>
<!-- Generated by org.testng.reporters.JUnitReportReporter -->
<testsuite hostname="dell-PCg1" name="lemon.day13.section02.Register_Test_Case3" tests="4" failures="0" timestamp="4 Sep 2019 06:16:04 GMT" time="1.779" errors="0">
  <testcase name="test_case" time="1.533" classname="lemon.day13.section02.Register_Test_Case3"/>
  <testcase name="test_case" time="0.072" classname="lemon.day13.section02.Register_Test_Case3"/>
  <testcase name="test_case" time="0.078" classname="lemon.day13.section02.Register_Test_Case3"/>
  <testcase name="test_case" time="0.096" classname="lemon.day13.section02.Register_Test_Case3"/>
</testsuite> <!-- lemon.day13.section02.Register_Test_Case3 -->
