<?xml version="1.0" encoding="UTF-8"?>
<!-- Generated by org.testng.reporters.JUnitReportReporter -->
<testsuite hostname="dell-PCg1" name="lemon.day15.section03.Register_Test_Case" tests="13" failures="0" timestamp="5 Sep 2019 03:40:53 GMT" time="0.031" errors="0">
  <testcase name="test_case" time="0.015" classname="lemon.day15.section03.Register_Test_Case"/>
  <testcase name="test_case" time="0.002" classname="lemon.day15.section03.Register_Test_Case"/>
  <testcase name="test_case" time="0.001" classname="lemon.day15.section03.Register_Test_Case"/>
  <testcase name="test_case" time="0.001" classname="lemon.day15.section03.Register_Test_Case"/>
  <testcase name="test_case" time="0.001" classname="lemon.day15.section03.Register_Test_Case"/>
  <testcase name="test_case" time="0.001" classname="lemon.day15.section03.Register_Test_Case"/>
  <testcase name="test_case" time="0.001" classname="lemon.day15.section03.Register_Test_Case"/>
  <testcase name="test_case" time="0.001" classname="lemon.day15.section03.Register_Test_Case"/>
  <testcase name="test_case" time="0.002" classname="lemon.day15.section03.Register_Test_Case"/>
  <testcase name="test_case" time="0.001" classname="lemon.day15.section03.Register_Test_Case"/>
  <testcase name="test_case" time="0.002" classname="lemon.day15.section03.Register_Test_Case"/>
  <testcase name="test_case" time="0.002" classname="lemon.day15.section03.Register_Test_Case"/>
  <testcase name="test_case" time="0.001" classname="lemon.day15.section03.Register_Test_Case"/>
</testsuite> <!-- lemon.day15.section03.Register_Test_Case -->
