<?xml version="1.0" encoding="UTF-8"?>
<!-- Generated by org.testng.reporters.JUnitReportReporter -->
<testsuite hostname="dell-PCg1" name="lemon.day15.study01.Register_Test_Case" tests="13" failures="0" timestamp="10 Sep 2019 03:30:11 GMT" time="1.464" errors="0">
  <testcase name="test_case" time="0.075" classname="lemon.day15.study01.Register_Test_Case"/>
  <testcase name="test_case" time="0.073" classname="lemon.day15.study01.Register_Test_Case"/>
  <testcase name="test_case" time="0.087" classname="lemon.day15.study01.Register_Test_Case"/>
  <testcase name="test_case" time="0.078" classname="lemon.day15.study01.Register_Test_Case"/>
  <testcase name="test_case" time="0.079" classname="lemon.day15.study01.Register_Test_Case"/>
  <testcase name="test_case" time="0.079" classname="lemon.day15.study01.Register_Test_Case"/>
  <testcase name="test_case" time="0.079" classname="lemon.day15.study01.Register_Test_Case"/>
  <testcase name="test_case" time="0.072" classname="lemon.day15.study01.Register_Test_Case"/>
  <testcase name="test_case" time="0.075" classname="lemon.day15.study01.Register_Test_Case"/>
  <testcase name="test_case" time="0.079" classname="lemon.day15.study01.Register_Test_Case"/>
  <testcase name="test_case" time="0.077" classname="lemon.day15.study01.Register_Test_Case"/>
  <testcase name="test_case" time="0.075" classname="lemon.day15.study01.Register_Test_Case"/>
  <testcase name="test_case" time="0.536" classname="lemon.day15.study01.Register_Test_Case"/>
</testsuite> <!-- lemon.day15.study01.Register_Test_Case -->
