<?xml version="1.0" encoding="UTF-8"?>
<!-- Generated by org.testng.reporters.JUnitReportReporter -->
<testsuite hostname="dell-PCg1" name="lemon.day13.section03.Register_Test_Case01" tests="4" failures="0" timestamp="4 Sep 2019 10:42:47 GMT" time="0.703" errors="0">
  <testcase name="test_case" time="0.488" classname="lemon.day13.section03.Register_Test_Case01"/>
  <testcase name="test_case" time="0.067" classname="lemon.day13.section03.Register_Test_Case01"/>
  <testcase name="test_case" time="0.070" classname="lemon.day13.section03.Register_Test_Case01"/>
  <testcase name="test_case" time="0.078" classname="lemon.day13.section03.Register_Test_Case01"/>
</testsuite> <!-- lemon.day13.section03.Register_Test_Case01 -->
